<?xml version="1.0" encoding="UTF-8"?>
<TestRun id="6f37a58b-8445-4045-b0e5-ebe133a18d6c" name="Ajit@AJIT-PC 2012-07-13 01:22:23" runUser="Ajit-PC\Ajit" xmlns="http://microsoft.com/schemas/VisualStudio/TeamTest/2010">
  <TestSettings name="Local" id="e2128a61-3a94-4c7e-8c82-791cdc2b204d">
    <Description>These are default test settings for a local test run.</Description>
    <Deployment enabled="false" runDeploymentRoot="Ajit_AJIT-PC 2012-07-13 01_22_23">
      <DeploymentItem filename="D:\ajit\RND\Traffective.Tracking\packages\Iesi.Collections.3.2.0.4000\lib\Net35\Iesi.Collections.dll" />
      <DeploymentItem filename="D:\ajit\RND\Traffective.Tracking\Traffective.Contracts\bin\Debug\Traffective.Contracts.dll" />
      <DeploymentItem filename="D:\ajit\RND\Traffective.Tracking\packages\Castle.Activerecord.3.0.0.1\lib\Net40\Castle.ActiveRecord.Web.dll" />
      <DeploymentItem filename="D:\ajit\RND\Traffective.Tracking\packages\Castle.Activerecord.3.0.0.1\lib\Net40\NHibernate.Search.dll" />
      <DeploymentItem filename="D:\ajit\RND\Traffective.Tracking\packages\Castle.Components.Validator.2.5.0\lib\NET40\Castle.Components.Validator.dll" />
      <DeploymentItem filename="D:\ajit\RND\Traffective.Tracking\Traffective.Data\bin\Debug\Traffective.Data.dll" />
      <DeploymentItem filename="D:\ajit\RND\Traffective.Tracking\packages\Castle.Core.3.0.0.4001\lib\net40-client\Castle.Core.dll" />
      <DeploymentItem filename="D:\ajit\RND\Traffective.Tracking\packages\NHibernate.3.3.1.4000\lib\Net35\NHibernate.dll" />
      <DeploymentItem filename="D:\ajit\RND\Traffective.Tracking\packages\Castle.Activerecord.3.0.0.1\lib\Net40\Castle.ActiveRecord.dll" />
    </Deployment>
    <Execution>
      <TestTypeSpecific />
      <AgentRule name="Execution Agents">
      </AgentRule>
    </Execution>
  </TestSettings>
  <Times creation="2012-07-13T01:22:23.9867466+02:00" queuing="2012-07-13T01:22:29.0260281+02:00" start="2012-07-13T01:22:29.1200335+02:00" finish="2012-07-13T01:22:58.4126269+02:00" />
  <ResultSummary outcome="Error">
    <Counters total="1" executed="1" error="0" failed="0" timeout="0" aborted="1" inconclusive="0" passedButRunAborted="0" notRunnable="0" notExecuted="0" disconnected="0" warning="0" passed="0" completed="0" inProgress="0" pending="0" />
    <RunInfos>
      <RunInfo computerName="AJIT-PC" outcome="Error" timestamp="2012-07-13T01:22:58.4116268+02:00">
        <Text>Test host process exited unexpectedly.</Text>
      </RunInfo>
    </RunInfos>
  </ResultSummary>
  <TestDefinitions>
    <UnitTest name="ClickTest" storage="d:\ajit\rnd\traffective.tracking\traffective.data.tests\bin\debug\traffective.data.tests.dll" id="24ea5fbe-6784-0ed2-bbaa-dbbcbfe03d8e">
      <Execution id="612a5f53-476f-41f9-b0c0-a44116474fab" />
      <TestMethod codeBase="D:/ajit/RND/Traffective.Tracking/Traffective.Data.Tests/bin/Debug/Traffective.Data.Tests.DLL" adapterTypeName="Microsoft.VisualStudio.TestTools.TestTypes.Unit.UnitTestAdapter, Microsoft.VisualStudio.QualityTools.Tips.UnitTest.Adapter, Version=10.0.0.0, Culture=neutral, PublicKeyToken=b03f5f7f11d50a3a" className="Traffective.Data.Tests.TrackingTest, Traffective.Data.Tests, Version=1.0.0.0, Culture=neutral, PublicKeyToken=null" name="ClickTest" />
    </UnitTest>
  </TestDefinitions>
  <TestLists>
    <TestList name="Results Not in a List" id="8c84fa94-04c1-424b-9868-57a2d4851a1d" />
    <TestList name="All Loaded Results" id="19431567-8539-422a-85d7-44ee4e166bda" />
  </TestLists>
  <TestEntries>
    <TestEntry testId="24ea5fbe-6784-0ed2-bbaa-dbbcbfe03d8e" executionId="612a5f53-476f-41f9-b0c0-a44116474fab" testListId="8c84fa94-04c1-424b-9868-57a2d4851a1d" />
  </TestEntries>
  <Results>
    <UnitTestResult executionId="612a5f53-476f-41f9-b0c0-a44116474fab" testId="24ea5fbe-6784-0ed2-bbaa-dbbcbfe03d8e" testName="ClickTest" computerName="AJIT-PC" duration="00:00:29.2125888" startTime="2012-07-13T01:22:29.2000381+02:00" endTime="2012-07-13T01:22:58.4126269+02:00" testType="13cdc9d9-ddb5-4fa4-a97d-d965ccfc6d4b" outcome="Aborted" testListId="8c84fa94-04c1-424b-9868-57a2d4851a1d" relativeResultsDirectory="612a5f53-476f-41f9-b0c0-a44116474fab">
    </UnitTestResult>
  </Results>
</TestRun>