<?xml version="1.0" encoding="UTF-8"?>
<TestRun id="dd08c5ab-6c2a-4ab1-9802-2de3eb73ce0d" name="Ajit@AJIT-PC 2012-07-13 01:52:39" runUser="Ajit-PC\Ajit" xmlns="http://microsoft.com/schemas/VisualStudio/TeamTest/2010">
  <TestSettings name="Local" id="e2128a61-3a94-4c7e-8c82-791cdc2b204d">
    <Description>These are default test settings for a local test run.</Description>
    <Deployment userDeploymentRoot="D:\ajit\RND\Traffective.Tracking\TestResults" useDefaultDeploymentRoot="false" enabled="false" runDeploymentRoot="Ajit_AJIT-PC 2012-07-13 01_52_39">
      <DeploymentItem filename="D:\ajit\RND\Traffective.Tracking\packages\Iesi.Collections.3.2.0.4000\lib\Net35\Iesi.Collections.dll" />
      <DeploymentItem filename="D:\ajit\RND\Traffective.Tracking\Traffective.Contracts\bin\Debug\Traffective.Contracts.dll" />
      <DeploymentItem filename="D:\ajit\RND\Traffective.Tracking\packages\Castle.Activerecord.3.0.0.1\lib\Net40\Castle.ActiveRecord.Web.dll" />
      <DeploymentItem filename="D:\ajit\RND\Traffective.Tracking\packages\Castle.Activerecord.3.0.0.1\lib\Net40\NHibernate.Search.dll" />
      <DeploymentItem filename="D:\ajit\RND\Traffective.Tracking\packages\Castle.Components.Validator.2.5.0\lib\NET40\Castle.Components.Validator.dll" />
      <DeploymentItem filename="D:\ajit\RND\Traffective.Tracking\Traffective.Data\bin\Debug\Traffective.Data.dll" />
      <DeploymentItem filename="D:\ajit\RND\Traffective.Tracking\packages\Castle.Core.3.0.0.4001\lib\net40-client\Castle.Core.dll" />
      <DeploymentItem filename="D:\ajit\RND\Traffective.Tracking\packages\NHibernate.3.3.1.4000\lib\Net35\NHibernate.dll" />
      <DeploymentItem filename="D:\ajit\RND\Traffective.Tracking\packages\Castle.Activerecord.3.0.0.1\lib\Net40\Castle.ActiveRecord.dll" />
    </Deployment>
    <Execution>
      <TestTypeSpecific />
      <AgentRule name="Execution Agents">
      </AgentRule>
    </Execution>
  </TestSettings>
  <Times creation="2012-07-13T01:52:39.9694849+02:00" queuing="2012-07-13T01:52:40.0004866+02:00" start="2012-07-13T01:52:40.0074870+02:00" finish="2012-07-13T01:52:42.1325812+02:00" />
  <ResultSummary outcome="Failed">
    <Counters total="1" executed="1" error="0" failed="1" timeout="0" aborted="0" inconclusive="0" passedButRunAborted="0" notRunnable="0" notExecuted="0" disconnected="0" warning="0" passed="0" completed="0" inProgress="0" pending="0" />
  </ResultSummary>
  <TestDefinitions>
    <UnitTest name="ClickTest" storage="d:\ajit\rnd\traffective.tracking\traffective.data.tests\bin\debug\traffective.data.tests.dll" id="24ea5fbe-6784-0ed2-bbaa-dbbcbfe03d8e">
      <Execution id="ee0cc045-c3c8-4bb5-a137-9c68facaff07" />
      <TestMethod codeBase="D:/ajit/RND/Traffective.Tracking/Traffective.Data.Tests/bin/Debug/Traffective.Data.Tests.DLL" adapterTypeName="Microsoft.VisualStudio.TestTools.TestTypes.Unit.UnitTestAdapter, Microsoft.VisualStudio.QualityTools.Tips.UnitTest.Adapter, Version=10.0.0.0, Culture=neutral, PublicKeyToken=b03f5f7f11d50a3a" className="Traffective.Data.Tests.TrackingTest, Traffective.Data.Tests, Version=1.0.0.0, Culture=neutral, PublicKeyToken=null" name="ClickTest" />
    </UnitTest>
  </TestDefinitions>
  <TestLists>
    <TestList name="Results Not in a List" id="8c84fa94-04c1-424b-9868-57a2d4851a1d" />
    <TestList name="All Loaded Results" id="19431567-8539-422a-85d7-44ee4e166bda" />
  </TestLists>
  <TestEntries>
    <TestEntry testId="24ea5fbe-6784-0ed2-bbaa-dbbcbfe03d8e" executionId="ee0cc045-c3c8-4bb5-a137-9c68facaff07" testListId="8c84fa94-04c1-424b-9868-57a2d4851a1d" />
  </TestEntries>
  <Results>
    <UnitTestResult executionId="ee0cc045-c3c8-4bb5-a137-9c68facaff07" testId="24ea5fbe-6784-0ed2-bbaa-dbbcbfe03d8e" testName="ClickTest" computerName="AJIT-PC" duration="00:00:00.4080833" startTime="2012-07-13T01:52:40.0094871+02:00" endTime="2012-07-13T01:52:41.7625601+02:00" testType="13cdc9d9-ddb5-4fa4-a97d-d965ccfc6d4b" outcome="Failed" testListId="8c84fa94-04c1-424b-9868-57a2d4851a1d" relativeResultsDirectory="ee0cc045-c3c8-4bb5-a137-9c68facaff07">
      <Output>
        <ErrorInfo>
          <Message>Test method Traffective.Data.Tests.TrackingTest.ClickTest threw exception: 
System.InvalidCastException: Failed to convert parameter value from a String to a Guid. ---&gt; System.InvalidCastException: Invalid cast from 'System.String' to 'System.Guid'.</Message>
          <StackTrace>    at System.Convert.DefaultToType(IConvertible value, Type targetType, IFormatProvider provider)
   at System.String.System.IConvertible.ToType(Type type, IFormatProvider provider)
   at System.Convert.ChangeType(Object value, Type conversionType, IFormatProvider provider)
   at System.Data.SqlClient.SqlParameter.CoerceValue(Object value, MetaType destinationType)
 --- End of inner exception stack trace ---
    at System.Data.SqlClient.SqlParameter.CoerceValue(Object value, MetaType destinationType)
   at System.Data.SqlClient.SqlParameter.GetCoercedValue()
   at System.Data.SqlClient.SqlParameter.Validate(Int32 index, Boolean isCommandProc)
   at System.Data.SqlClient.SqlCommand.BuildParamList(TdsParser parser, SqlParameterCollection parameters)
   at System.Data.SqlClient.SqlCommand.BuildExecuteSql(CommandBehavior behavior, String commandText, SqlParameterCollection parameters, _SqlRPC&amp; rpc)
   at System.Data.SqlClient.SqlCommand.AddBatchCommand(String commandText, SqlParameterCollection parameters, CommandType cmdType)
   at System.Data.SqlClient.SqlCommandSet.ExecuteNonQuery()
   at NHibernate.AdoNet.SqlClientSqlCommandSet.ExecuteNonQuery()
   at NHibernate.AdoNet.SqlClientBatchingBatcher.DoExecuteBatch(IDbCommand ps)
   at NHibernate.AdoNet.AbstractBatcher.ExecuteBatchWithTiming(IDbCommand ps)
   at NHibernate.AdoNet.AbstractBatcher.ExecuteBatch()
   at NHibernate.Engine.ActionQueue.ExecuteActions(IList list)
   at NHibernate.Engine.ActionQueue.ExecuteActions()
   at NHibernate.Event.Default.AbstractFlushingEventListener.PerformExecutions(IEventSource session)
   at NHibernate.Event.Default.DefaultFlushEventListener.OnFlush(FlushEvent event)
   at NHibernate.Impl.SessionImpl.Flush()
   at Castle.ActiveRecord.Framework.SessionFactoryHolder.ReleaseSession(ISession session)
   at Castle.ActiveRecord.ActiveRecordBase.InternalSave(Object instance, Boolean flush)
   at Castle.ActiveRecord.ActiveRecordBase.Save()
   at Traffective.Data.Tests.TrackingTest.ClickTest() in D:\ajit\RND\Traffective.Tracking\Traffective.Data.Tests\TrackingTest.cs:line 81
</StackTrace>
        </ErrorInfo>
      </Output>
    </UnitTestResult>
  </Results>
</TestRun>