<?xml version="1.0" encoding="UTF-8"?>
<TestRun id="1cfc9b5a-1909-44b2-8b6d-3fba2d7f3fbb" name="Ajit@AJIT-PC 2012-01-10 01:07:03" runUser="Ajit-PC\Ajit" xmlns="http://microsoft.com/schemas/VisualStudio/TeamTest/2010">
  <TestSettings name="Local" id="ad7f4b70-9df9-4ebd-aac0-e9a7fcef6175">
    <Description>These are default test settings for a local test run.</Description>
    <Deployment enabled="false" runDeploymentRoot="Ajit_AJIT-PC 2012-01-10 01_07_03">
      <DeploymentItem filename="D:\ajit\RND\Solar\EntityFrameworkTest\EntityFrameworkTest\bin\Debug\EntityFrameworkTest.dll" />
    </Deployment>
    <Execution>
      <TestTypeSpecific />
      <AgentRule name="Execution Agents">
      </AgentRule>
    </Execution>
  </TestSettings>
  <Times creation="2012-01-10T01:07:03.8978574+01:00" queuing="2012-01-10T01:07:04.0618668+01:00" start="2012-01-10T01:07:04.0678671+01:00" finish="2012-01-10T01:07:04.6639012+01:00" />
  <ResultSummary outcome="Failed">
    <Counters total="1" executed="1" error="0" failed="1" timeout="0" aborted="0" inconclusive="0" passedButRunAborted="0" notRunnable="0" notExecuted="0" disconnected="0" warning="0" passed="0" completed="0" inProgress="0" pending="0" />
  </ResultSummary>
  <TestDefinitions>
    <UnitTest name="TestProductEdit" storage="d:\ajit\rnd\solar\entityframeworktest\entityframeworktest.test\bin\debug\entityframeworktest.test.dll" id="4f67a12c-3c75-f68d-6ddb-fb53f0e0a815">
      <Execution id="c86020ea-54fb-459b-a5db-b681de7d5bd1" />
      <TestMethod codeBase="D:/ajit/RND/Solar/EntityFrameworkTest/EntityFrameworkTest.Test/bin/Debug/EntityFrameworkTest.Test.DLL" adapterTypeName="Microsoft.VisualStudio.TestTools.TestTypes.Unit.UnitTestAdapter, Microsoft.VisualStudio.QualityTools.Tips.UnitTest.Adapter, Version=10.0.0.0, Culture=neutral, PublicKeyToken=b03f5f7f11d50a3a" className="EntityFrameworkTest.Test.ProductContextTest, EntityFrameworkTest.Test, Version=1.0.0.0, Culture=neutral, PublicKeyToken=null" name="TestProductEdit" />
    </UnitTest>
  </TestDefinitions>
  <TestLists>
    <TestList name="Results Not in a List" id="8c84fa94-04c1-424b-9868-57a2d4851a1d" />
    <TestList name="All Loaded Results" id="19431567-8539-422a-85d7-44ee4e166bda" />
  </TestLists>
  <TestEntries>
    <TestEntry testId="4f67a12c-3c75-f68d-6ddb-fb53f0e0a815" executionId="c86020ea-54fb-459b-a5db-b681de7d5bd1" testListId="8c84fa94-04c1-424b-9868-57a2d4851a1d" />
  </TestEntries>
  <Results>
    <UnitTestResult executionId="c86020ea-54fb-459b-a5db-b681de7d5bd1" testId="4f67a12c-3c75-f68d-6ddb-fb53f0e0a815" testName="TestProductEdit" computerName="AJIT-PC" duration="00:00:00.3325735" startTime="2012-01-10T01:07:04.0698672+01:00" endTime="2012-01-10T01:07:04.6439000+01:00" testType="13cdc9d9-ddb5-4fa4-a97d-d965ccfc6d4b" outcome="Failed" testListId="8c84fa94-04c1-424b-9868-57a2d4851a1d" relativeResultsDirectory="c86020ea-54fb-459b-a5db-b681de7d5bd1">
      <Output>
        <ErrorInfo>
          <Message>Assert.IsTrue failed. </Message>
          <StackTrace>   at EntityFrameworkTest.Test.ProductContextTest.TestProductEdit() in D:\ajit\RND\Solar\EntityFrameworkTest\EntityFrameworkTest.Test\ProductContextTest.cs:line 136
</StackTrace>
        </ErrorInfo>
      </Output>
    </UnitTestResult>
  </Results>
</TestRun>