<?xml version="1.0" encoding="UTF-8"?>
<TestRun id="9015f254-c25b-4bf6-8527-adc97fd7e56e" name="Ajit@AJIT-PC 2012-01-10 01:17:41" runUser="Ajit-PC\Ajit" xmlns="http://microsoft.com/schemas/VisualStudio/TeamTest/2010">
  <TestSettings name="Local" id="ad7f4b70-9df9-4ebd-aac0-e9a7fcef6175">
    <Description>These are default test settings for a local test run.</Description>
    <Deployment enabled="false" runDeploymentRoot="Ajit_AJIT-PC 2012-01-10 01_17_41">
      <DeploymentItem filename="D:\ajit\RND\Solar\EntityFrameworkTest\EntityFrameworkTest\bin\Debug\EntityFrameworkTest.dll" />
    </Deployment>
    <Execution>
      <TestTypeSpecific />
      <AgentRule name="Execution Agents">
      </AgentRule>
    </Execution>
  </TestSettings>
  <Times creation="2012-01-10T01:17:41.5103267+01:00" queuing="2012-01-10T01:17:41.8263448+01:00" start="2012-01-10T01:17:41.8663471+01:00" finish="2012-01-10T01:17:42.7513977+01:00" />
  <ResultSummary outcome="Completed">
    <Counters total="1" executed="1" passed="1" error="0" failed="0" timeout="0" aborted="0" inconclusive="0" passedButRunAborted="0" notRunnable="0" notExecuted="0" disconnected="0" warning="0" completed="0" inProgress="0" pending="0" />
  </ResultSummary>
  <TestDefinitions>
    <UnitTest name="TestProductGetList" storage="d:\ajit\rnd\solar\entityframeworktest\entityframeworktest.test\bin\debug\entityframeworktest.test.dll" id="9a0ddbb5-d122-6e7f-a852-5af5e2e1dfaa">
      <Execution id="35973f95-ad39-4bbd-8e78-85b7634502a8" />
      <TestMethod codeBase="D:/ajit/RND/Solar/EntityFrameworkTest/EntityFrameworkTest.Test/bin/Debug/EntityFrameworkTest.Test.DLL" adapterTypeName="Microsoft.VisualStudio.TestTools.TestTypes.Unit.UnitTestAdapter, Microsoft.VisualStudio.QualityTools.Tips.UnitTest.Adapter, Version=10.0.0.0, Culture=neutral, PublicKeyToken=b03f5f7f11d50a3a" className="EntityFrameworkTest.Test.ProductContextTest, EntityFrameworkTest.Test, Version=1.0.0.0, Culture=neutral, PublicKeyToken=null" name="TestProductGetList" />
    </UnitTest>
  </TestDefinitions>
  <TestLists>
    <TestList name="Results Not in a List" id="8c84fa94-04c1-424b-9868-57a2d4851a1d" />
    <TestList name="All Loaded Results" id="19431567-8539-422a-85d7-44ee4e166bda" />
  </TestLists>
  <TestEntries>
    <TestEntry testId="9a0ddbb5-d122-6e7f-a852-5af5e2e1dfaa" executionId="35973f95-ad39-4bbd-8e78-85b7634502a8" testListId="8c84fa94-04c1-424b-9868-57a2d4851a1d" />
  </TestEntries>
  <Results>
    <UnitTestResult executionId="35973f95-ad39-4bbd-8e78-85b7634502a8" testId="9a0ddbb5-d122-6e7f-a852-5af5e2e1dfaa" testName="TestProductGetList" computerName="AJIT-PC" duration="00:00:00.5338403" startTime="2012-01-10T01:17:41.8763477+01:00" endTime="2012-01-10T01:17:42.7163957+01:00" testType="13cdc9d9-ddb5-4fa4-a97d-d965ccfc6d4b" outcome="Passed" testListId="8c84fa94-04c1-424b-9868-57a2d4851a1d" relativeResultsDirectory="35973f95-ad39-4bbd-8e78-85b7634502a8">
    </UnitTestResult>
  </Results>
</TestRun>