<?xml version="1.0" encoding="UTF-8"?>
<TestRun id="af829795-7354-45f0-9fac-2838e6150cc4" name="Ajit@AJIT-PC 2012-01-16 22:50:21" runUser="Ajit-PC\Ajit" xmlns="http://microsoft.com/schemas/VisualStudio/TeamTest/2010">
  <TestSettings name="Local" id="ad7f4b70-9df9-4ebd-aac0-e9a7fcef6175">
    <Description>These are default test settings for a local test run.</Description>
    <Deployment enabled="false" runDeploymentRoot="Ajit_AJIT-PC 2012-01-16 22_50_21">
      <DeploymentItem filename="D:\ajit\RND\Solar\EntityFrameworkTest\EntityFrameworkTest\bin\Debug\EntityFrameworkTest.dll" />
    </Deployment>
    <Execution>
      <TestTypeSpecific />
      <AgentRule name="Execution Agents">
      </AgentRule>
    </Execution>
  </TestSettings>
  <Times creation="2012-01-16T22:50:21.7989804+01:00" queuing="2012-01-16T22:50:21.8539835+01:00" start="2012-01-16T22:50:21.8599838+01:00" finish="2012-01-16T22:50:22.3670128+01:00" />
  <ResultSummary outcome="Completed">
    <Counters total="1" executed="1" passed="1" error="0" failed="0" timeout="0" aborted="0" inconclusive="0" passedButRunAborted="0" notRunnable="0" notExecuted="0" disconnected="0" warning="0" completed="0" inProgress="0" pending="0" />
  </ResultSummary>
  <TestDefinitions>
    <UnitTest name="TestProductAdd" storage="d:\ajit\rnd\solar\entityframeworktest\entityframeworktest.test\bin\debug\entityframeworktest.test.dll" id="bf046349-2577-9e1f-fb41-992ed8c04313">
      <Execution id="c29c6228-52bb-47f4-89c8-424f2685ce3c" />
      <TestMethod codeBase="D:/ajit/RND/Solar/EntityFrameworkTest/EntityFrameworkTest.Test/bin/Debug/EntityFrameworkTest.Test.DLL" adapterTypeName="Microsoft.VisualStudio.TestTools.TestTypes.Unit.UnitTestAdapter, Microsoft.VisualStudio.QualityTools.Tips.UnitTest.Adapter, Version=10.0.0.0, Culture=neutral, PublicKeyToken=b03f5f7f11d50a3a" className="EntityFrameworkTest.Test.ProductContextTest, EntityFrameworkTest.Test, Version=1.0.0.0, Culture=neutral, PublicKeyToken=null" name="TestProductAdd" />
    </UnitTest>
  </TestDefinitions>
  <TestLists>
    <TestList name="Results Not in a List" id="8c84fa94-04c1-424b-9868-57a2d4851a1d" />
    <TestList name="All Loaded Results" id="19431567-8539-422a-85d7-44ee4e166bda" />
  </TestLists>
  <TestEntries>
    <TestEntry testId="bf046349-2577-9e1f-fb41-992ed8c04313" executionId="c29c6228-52bb-47f4-89c8-424f2685ce3c" testListId="8c84fa94-04c1-424b-9868-57a2d4851a1d" />
  </TestEntries>
  <Results>
    <UnitTestResult executionId="c29c6228-52bb-47f4-89c8-424f2685ce3c" testId="bf046349-2577-9e1f-fb41-992ed8c04313" testName="TestProductAdd" computerName="AJIT-PC" duration="00:00:00.2751141" startTime="2012-01-16T22:50:21.8619840+01:00" endTime="2012-01-16T22:50:22.3510119+01:00" testType="13cdc9d9-ddb5-4fa4-a97d-d965ccfc6d4b" outcome="Passed" testListId="8c84fa94-04c1-424b-9868-57a2d4851a1d" relativeResultsDirectory="c29c6228-52bb-47f4-89c8-424f2685ce3c">
    </UnitTestResult>
  </Results>
</TestRun>