<?xml version="1.0" encoding="UTF-8"?>
<TestRun id="a604ae99-bc2c-453c-b44e-b18413165f3d" name="Ajit@AJIT-PC 2012-01-10 00:59:08" runUser="Ajit-PC\Ajit" xmlns="http://microsoft.com/schemas/VisualStudio/TeamTest/2010">
  <TestSettings name="Local" id="ad7f4b70-9df9-4ebd-aac0-e9a7fcef6175">
    <Description>These are default test settings for a local test run.</Description>
    <Deployment enabled="false" runDeploymentRoot="Ajit_AJIT-PC 2012-01-10 00_59_08">
      <DeploymentItem filename="D:\ajit\RND\Solar\EntityFrameworkTest\EntityFrameworkTest\bin\Debug\EntityFrameworkTest.dll" />
    </Deployment>
    <Execution>
      <TestTypeSpecific />
      <AgentRule name="Execution Agents">
      </AgentRule>
    </Execution>
  </TestSettings>
  <Times creation="2012-01-10T00:59:08.3776592+01:00" queuing="2012-01-10T00:59:09.7137356+01:00" start="2012-01-10T00:59:09.9547494+01:00" finish="2012-01-10T01:00:07.8880630+01:00" />
  <ResultSummary outcome="Error">
    <Counters total="1" executed="1" error="0" failed="0" timeout="0" aborted="1" inconclusive="0" passedButRunAborted="0" notRunnable="0" notExecuted="0" disconnected="0" warning="0" passed="0" completed="0" inProgress="0" pending="0" />
    <RunInfos>
      <RunInfo computerName="AJIT-PC" outcome="Error" timestamp="2012-01-10T01:00:07.8870629+01:00">
        <Text>Test host process exited unexpectedly.</Text>
      </RunInfo>
    </RunInfos>
  </ResultSummary>
  <TestDefinitions>
    <UnitTest name="TestProductEditAutoMapping" storage="d:\ajit\rnd\solar\entityframeworktest\entityframeworktest.test\bin\debug\entityframeworktest.test.dll" id="e900d03f-0d45-4698-0cf1-5f5cf75c61f1">
      <Execution id="dd252ff0-747b-4e72-ab13-148b4de65521" />
      <TestMethod codeBase="D:/ajit/RND/Solar/EntityFrameworkTest/EntityFrameworkTest.Test/bin/Debug/EntityFrameworkTest.Test.DLL" adapterTypeName="Microsoft.VisualStudio.TestTools.TestTypes.Unit.UnitTestAdapter, Microsoft.VisualStudio.QualityTools.Tips.UnitTest.Adapter, Version=10.0.0.0, Culture=neutral, PublicKeyToken=b03f5f7f11d50a3a" className="EntityFrameworkTest.Test.ProductContextTest, EntityFrameworkTest.Test, Version=1.0.0.0, Culture=neutral, PublicKeyToken=null" name="TestProductEditAutoMapping" />
    </UnitTest>
  </TestDefinitions>
  <TestLists>
    <TestList name="Results Not in a List" id="8c84fa94-04c1-424b-9868-57a2d4851a1d" />
    <TestList name="All Loaded Results" id="19431567-8539-422a-85d7-44ee4e166bda" />
  </TestLists>
  <TestEntries>
    <TestEntry testId="e900d03f-0d45-4698-0cf1-5f5cf75c61f1" executionId="dd252ff0-747b-4e72-ab13-148b4de65521" testListId="8c84fa94-04c1-424b-9868-57a2d4851a1d" />
  </TestEntries>
  <Results>
    <UnitTestResult executionId="dd252ff0-747b-4e72-ab13-148b4de65521" testId="e900d03f-0d45-4698-0cf1-5f5cf75c61f1" testName="TestProductEditAutoMapping" computerName="AJIT-PC" duration="00:00:57.7233016" startTime="2012-01-10T00:59:10.1647614+01:00" endTime="2012-01-10T01:00:07.8880630+01:00" testType="13cdc9d9-ddb5-4fa4-a97d-d965ccfc6d4b" outcome="Aborted" testListId="8c84fa94-04c1-424b-9868-57a2d4851a1d" relativeResultsDirectory="dd252ff0-747b-4e72-ab13-148b4de65521">
    </UnitTestResult>
  </Results>
</TestRun>