<?xml version="1.0" encoding="UTF-8"?>
<TestRun id="fdfb0633-d358-4469-b89d-3866d0bd23e6" name="Ajit@AJIT-PC 2012-01-10 00:58:17" runUser="Ajit-PC\Ajit" xmlns="http://microsoft.com/schemas/VisualStudio/TeamTest/2010">
  <TestSettings name="Local" id="ad7f4b70-9df9-4ebd-aac0-e9a7fcef6175">
    <Description>These are default test settings for a local test run.</Description>
    <Deployment enabled="false" runDeploymentRoot="Ajit_AJIT-PC 2012-01-10 00_58_17">
      <DeploymentItem filename="D:\ajit\RND\Solar\EntityFrameworkTest\EntityFrameworkTest\bin\Debug\EntityFrameworkTest.dll" />
    </Deployment>
    <Execution>
      <TestTypeSpecific />
      <AgentRule name="Execution Agents">
      </AgentRule>
    </Execution>
  </TestSettings>
  <Times creation="2012-01-10T00:58:17.5877542+01:00" queuing="2012-01-10T00:58:18.9958347+01:00" start="2012-01-10T00:58:19.2258479+01:00" finish="2012-01-10T00:58:30.1634734+01:00" />
  <ResultSummary outcome="Completed">
    <Counters total="1" executed="1" passed="1" error="0" failed="0" timeout="0" aborted="0" inconclusive="0" passedButRunAborted="0" notRunnable="0" notExecuted="0" disconnected="0" warning="0" completed="0" inProgress="0" pending="0" />
  </ResultSummary>
  <TestDefinitions>
    <UnitTest name="TestProductEditAutoMapping" storage="d:\ajit\rnd\solar\entityframeworktest\entityframeworktest.test\bin\debug\entityframeworktest.test.dll" id="e900d03f-0d45-4698-0cf1-5f5cf75c61f1">
      <Execution id="b95ea0f0-596e-4934-b2aa-b32ec7e08029" />
      <TestMethod codeBase="D:/ajit/RND/Solar/EntityFrameworkTest/EntityFrameworkTest.Test/bin/Debug/EntityFrameworkTest.Test.DLL" adapterTypeName="Microsoft.VisualStudio.TestTools.TestTypes.Unit.UnitTestAdapter, Microsoft.VisualStudio.QualityTools.Tips.UnitTest.Adapter, Version=10.0.0.0, Culture=neutral, PublicKeyToken=b03f5f7f11d50a3a" className="EntityFrameworkTest.Test.ProductContextTest, EntityFrameworkTest.Test, Version=1.0.0.0, Culture=neutral, PublicKeyToken=null" name="TestProductEditAutoMapping" />
    </UnitTest>
  </TestDefinitions>
  <TestLists>
    <TestList name="Results Not in a List" id="8c84fa94-04c1-424b-9868-57a2d4851a1d" />
    <TestList name="All Loaded Results" id="19431567-8539-422a-85d7-44ee4e166bda" />
  </TestLists>
  <TestEntries>
    <TestEntry testId="e900d03f-0d45-4698-0cf1-5f5cf75c61f1" executionId="b95ea0f0-596e-4934-b2aa-b32ec7e08029" testListId="8c84fa94-04c1-424b-9868-57a2d4851a1d" />
  </TestEntries>
  <Results>
    <UnitTestResult executionId="b95ea0f0-596e-4934-b2aa-b32ec7e08029" testId="e900d03f-0d45-4698-0cf1-5f5cf75c61f1" testName="TestProductEditAutoMapping" computerName="AJIT-PC" duration="00:00:09.1662692" startTime="2012-01-10T00:58:19.4268594+01:00" endTime="2012-01-10T00:58:29.6524442+01:00" testType="13cdc9d9-ddb5-4fa4-a97d-d965ccfc6d4b" outcome="Passed" testListId="8c84fa94-04c1-424b-9868-57a2d4851a1d" relativeResultsDirectory="b95ea0f0-596e-4934-b2aa-b32ec7e08029">
    </UnitTestResult>
  </Results>
</TestRun>