<?xml version="1.0" encoding="UTF-8"?>
<TestRun id="7ffb32e7-a845-4941-b48b-a160828473e4" name="Ajit@AJIT-PC 2014-03-07 12:15:11" runUser="AJIT-PC\Ajit" xmlns="http://microsoft.com/schemas/VisualStudio/TeamTest/2010">
  <TestSettings name="Local" id="efcc70f8-2686-4a26-b486-c71c9f94b41e">
    <Description>These are default test settings for a local test run.</Description>
    <Deployment enabled="false" runDeploymentRoot="Ajit_AJIT-PC 2014-03-07 12_15_11">
      <DeploymentItem filename="D:\ajit\rnd\Check24.HPB\Check24.Data.Models\bin\Debug\Check24.Data.Models.dll" />
      <DeploymentItem filename="D:\ajit\rnd\Check24.HPB\Check24.Hpb.Services\bin\Debug\Check24.Hpb.Services.dll" />
      <DeploymentItem filename="D:\ajit\rnd\Check24.HPB\Check24.Contracts\bin\Debug\Check24.Contracts.dll" />
    </Deployment>
    <Execution>
      <TestTypeSpecific />
      <AgentRule name="Execution Agents">
      </AgentRule>
    </Execution>
  </TestSettings>
  <Times creation="2014-03-07T12:15:11.9824503+01:00" queuing="2014-03-07T12:15:13.4875053+01:00" start="2014-03-07T12:15:13.7435250+01:00" finish="2014-03-07T12:15:29.6907357+01:00" />
  <ResultSummary outcome="Error">
    <Counters total="1" executed="1" error="0" failed="0" timeout="0" aborted="1" inconclusive="0" passedButRunAborted="0" notRunnable="0" notExecuted="0" disconnected="0" warning="0" passed="0" completed="0" inProgress="0" pending="0" />
    <RunInfos>
      <RunInfo computerName="AJIT-PC" outcome="Error" timestamp="2014-03-07T12:15:29.6907357+01:00">
        <Text>Test host process exited unexpectedly.</Text>
      </RunInfo>
    </RunInfos>
  </ResultSummary>
  <TestDefinitions>
    <UnitTest name="CalculatePriceTest" storage="d:\ajit\rnd\check24.hpb\check24.hpb.services.tests\bin\debug\check24.hpb.services.tests.dll" id="ee73b63a-b9d0-8598-cd8a-a16ea2d38978">
      <Execution id="a6e219b6-8147-422c-9db1-3802e32bd893" />
      <TestMethod codeBase="D:/ajit/rnd/Check24.HPB/Check24.Hpb.Services.Tests/bin/Debug/Check24.Hpb.Services.Tests.DLL" adapterTypeName="Microsoft.VisualStudio.TestTools.TestTypes.Unit.UnitTestAdapter, Microsoft.VisualStudio.QualityTools.Tips.UnitTest.Adapter, Version=10.0.0.0, Culture=neutral, PublicKeyToken=b03f5f7f11d50a3a" className="Check24.Hpb.Services.Tests.ModelExtensionsTest, Check24.Hpb.Services.Tests, Version=1.0.0.0, Culture=neutral, PublicKeyToken=null" name="CalculatePriceTest" />
    </UnitTest>
  </TestDefinitions>
  <TestLists>
    <TestList name="Results Not in a List" id="8c84fa94-04c1-424b-9868-57a2d4851a1d" />
    <TestList name="All Loaded Results" id="19431567-8539-422a-85d7-44ee4e166bda" />
  </TestLists>
  <TestEntries>
    <TestEntry testId="ee73b63a-b9d0-8598-cd8a-a16ea2d38978" executionId="a6e219b6-8147-422c-9db1-3802e32bd893" testListId="8c84fa94-04c1-424b-9868-57a2d4851a1d" />
  </TestEntries>
  <Results>
    <UnitTestResult executionId="a6e219b6-8147-422c-9db1-3802e32bd893" testId="ee73b63a-b9d0-8598-cd8a-a16ea2d38978" testName="CalculatePriceTest" computerName="AJIT-PC" duration="00:00:15.6571941" startTime="2014-03-07T12:15:14.0335416+01:00" endTime="2014-03-07T12:15:29.6907357+01:00" testType="13cdc9d9-ddb5-4fa4-a97d-d965ccfc6d4b" outcome="Aborted" testListId="8c84fa94-04c1-424b-9868-57a2d4851a1d" relativeResultsDirectory="a6e219b6-8147-422c-9db1-3802e32bd893">
    </UnitTestResult>
  </Results>
</TestRun>