<?xml version="1.0" encoding="UTF-8"?>
<TestRun id="c6a167cc-9050-41bb-961c-050c455cdfa2" name="Ajit@AJIT-PC 2014-03-07 13:07:19" runUser="AJIT-PC\Ajit" xmlns="http://microsoft.com/schemas/VisualStudio/TeamTest/2010">
  <TestSettings name="Local" id="efcc70f8-2686-4a26-b486-c71c9f94b41e">
    <Description>These are default test settings for a local test run.</Description>
    <Deployment enabled="false" runDeploymentRoot="Ajit_AJIT-PC 2014-03-07 13_07_19">
      <DeploymentItem filename="D:\ajit\rnd\Check24.HPB\Check24.Data.Models\bin\Debug\Check24.Data.Models.dll" />
      <DeploymentItem filename="D:\ajit\rnd\Check24.HPB\Check24.Hpb.Services\bin\Debug\Check24.Hpb.Services.dll" />
      <DeploymentItem filename="D:\ajit\rnd\Check24.HPB\Check24.Contracts\bin\Debug\Check24.Contracts.dll" />
    </Deployment>
    <Execution>
      <TestTypeSpecific />
      <AgentRule name="Execution Agents">
      </AgentRule>
    </Execution>
  </TestSettings>
  <Times creation="2014-03-07T13:07:19.4990009+01:00" queuing="2014-03-07T13:07:21.2651340+01:00" start="2014-03-07T13:07:21.4821534+01:00" finish="2014-03-07T13:07:47.0240470+01:00" />
  <ResultSummary outcome="Error">
    <Counters total="1" executed="1" error="0" failed="0" timeout="0" aborted="1" inconclusive="0" passedButRunAborted="0" notRunnable="0" notExecuted="0" disconnected="0" warning="0" passed="0" completed="0" inProgress="0" pending="0" />
    <RunInfos>
      <RunInfo computerName="AJIT-PC" outcome="Error" timestamp="2014-03-07T13:07:47.0230875+01:00">
        <Text>Test host process exited unexpectedly.</Text>
      </RunInfo>
    </RunInfos>
  </ResultSummary>
  <TestDefinitions>
    <UnitTest name="CalculatePriceAfterBidsTest" storage="d:\ajit\rnd\check24.hpb\check24.hpb.services.tests\bin\debug\check24.hpb.services.tests.dll" id="c4160a36-6389-0a97-a067-4acba57cfb88">
      <Execution id="6b3673a7-b32d-43e6-b032-0f60a69a523d" />
      <TestMethod codeBase="D:/ajit/rnd/Check24.HPB/Check24.Hpb.Services.Tests/bin/Debug/Check24.Hpb.Services.Tests.DLL" adapterTypeName="Microsoft.VisualStudio.TestTools.TestTypes.Unit.UnitTestAdapter, Microsoft.VisualStudio.QualityTools.Tips.UnitTest.Adapter, Version=10.0.0.0, Culture=neutral, PublicKeyToken=b03f5f7f11d50a3a" className="Check24.Hpb.Services.Tests.ModelExtensionsTest, Check24.Hpb.Services.Tests, Version=1.0.0.0, Culture=neutral, PublicKeyToken=null" name="CalculatePriceAfterBidsTest" />
    </UnitTest>
  </TestDefinitions>
  <TestLists>
    <TestList name="Results Not in a List" id="8c84fa94-04c1-424b-9868-57a2d4851a1d" />
    <TestList name="All Loaded Results" id="19431567-8539-422a-85d7-44ee4e166bda" />
  </TestLists>
  <TestEntries>
    <TestEntry testId="c4160a36-6389-0a97-a067-4acba57cfb88" executionId="6b3673a7-b32d-43e6-b032-0f60a69a523d" testListId="8c84fa94-04c1-424b-9868-57a2d4851a1d" />
  </TestEntries>
  <Results>
    <UnitTestResult executionId="6b3673a7-b32d-43e6-b032-0f60a69a523d" testId="c4160a36-6389-0a97-a067-4acba57cfb88" testName="CalculatePriceAfterBidsTest" computerName="AJIT-PC" duration="00:00:25.2878792" startTime="2014-03-07T13:07:21.7361678+01:00" endTime="2014-03-07T13:07:47.0240470+01:00" testType="13cdc9d9-ddb5-4fa4-a97d-d965ccfc6d4b" outcome="Aborted" testListId="8c84fa94-04c1-424b-9868-57a2d4851a1d" relativeResultsDirectory="6b3673a7-b32d-43e6-b032-0f60a69a523d">
    </UnitTestResult>
  </Results>
</TestRun>