<?xml version="1.0" encoding="UTF-8"?>
<TestRun id="8848ccfa-b9be-4727-bb94-bc2b3513a0db" name="Ajit@AJIT-PC 2014-03-07 13:01:40" runUser="AJIT-PC\Ajit" xmlns="http://microsoft.com/schemas/VisualStudio/TeamTest/2010">
  <TestSettings name="Local" id="efcc70f8-2686-4a26-b486-c71c9f94b41e">
    <Description>These are default test settings for a local test run.</Description>
    <Deployment enabled="false" runDeploymentRoot="Ajit_AJIT-PC 2014-03-07 13_01_40">
      <DeploymentItem filename="D:\ajit\rnd\Check24.HPB\Check24.Data.Models\bin\Debug\Check24.Data.Models.dll" />
      <DeploymentItem filename="D:\ajit\rnd\Check24.HPB\Check24.Hpb.Services\bin\Debug\Check24.Hpb.Services.dll" />
      <DeploymentItem filename="D:\ajit\rnd\Check24.HPB\Check24.Contracts\bin\Debug\Check24.Contracts.dll" />
    </Deployment>
    <Execution>
      <TestTypeSpecific />
      <AgentRule name="Execution Agents">
      </AgentRule>
    </Execution>
  </TestSettings>
  <Times creation="2014-03-07T13:01:40.4699156+01:00" queuing="2014-03-07T13:01:41.5499803+01:00" start="2014-03-07T13:01:41.7910282+01:00" finish="2014-03-07T13:01:58.0201943+01:00" />
  <ResultSummary outcome="Error">
    <Counters total="1" executed="1" error="0" failed="0" timeout="0" aborted="1" inconclusive="0" passedButRunAborted="0" notRunnable="0" notExecuted="0" disconnected="0" warning="0" passed="0" completed="0" inProgress="0" pending="0" />
    <RunInfos>
      <RunInfo computerName="AJIT-PC" outcome="Error" timestamp="2014-03-07T13:01:58.0192147+01:00">
        <Text>Test host process exited unexpectedly.</Text>
      </RunInfo>
    </RunInfos>
  </ResultSummary>
  <TestDefinitions>
    <UnitTest name="PlaceAuctionTest" storage="d:\ajit\rnd\check24.hpb\check24.hpb.services.tests\bin\debug\check24.hpb.services.tests.dll" id="057134e2-8bc0-5f17-dee9-807efb4c996d">
      <Execution id="e7146946-bdb4-4198-8fd0-e6efd00187ce" />
      <TestMethod codeBase="D:/ajit/rnd/Check24.HPB/Check24.Hpb.Services.Tests/bin/Debug/Check24.Hpb.Services.Tests.DLL" adapterTypeName="Microsoft.VisualStudio.TestTools.TestTypes.Unit.UnitTestAdapter, Microsoft.VisualStudio.QualityTools.Tips.UnitTest.Adapter, Version=10.0.0.0, Culture=neutral, PublicKeyToken=b03f5f7f11d50a3a" className="Check24.Hpb.Services.Tests.AuctionServiceTest, Check24.Hpb.Services.Tests, Version=1.0.0.0, Culture=neutral, PublicKeyToken=null" name="PlaceAuctionTest" />
    </UnitTest>
  </TestDefinitions>
  <TestLists>
    <TestList name="Results Not in a List" id="8c84fa94-04c1-424b-9868-57a2d4851a1d" />
    <TestList name="All Loaded Results" id="19431567-8539-422a-85d7-44ee4e166bda" />
  </TestLists>
  <TestEntries>
    <TestEntry testId="057134e2-8bc0-5f17-dee9-807efb4c996d" executionId="e7146946-bdb4-4198-8fd0-e6efd00187ce" testListId="8c84fa94-04c1-424b-9868-57a2d4851a1d" />
  </TestEntries>
  <Results>
    <UnitTestResult executionId="e7146946-bdb4-4198-8fd0-e6efd00187ce" testId="057134e2-8bc0-5f17-dee9-807efb4c996d" testName="PlaceAuctionTest" computerName="AJIT-PC" duration="00:00:15.9791809" startTime="2014-03-07T13:01:42.0410134+01:00" endTime="2014-03-07T13:01:58.0201943+01:00" testType="13cdc9d9-ddb5-4fa4-a97d-d965ccfc6d4b" outcome="Aborted" testListId="8c84fa94-04c1-424b-9868-57a2d4851a1d" relativeResultsDirectory="e7146946-bdb4-4198-8fd0-e6efd00187ce">
    </UnitTestResult>
  </Results>
</TestRun>